18:10:46.578+07:00 | [ERROR]	| <urlopen error [WinError 10060] Попытка установить соединение была безуспешной, т.к. от другого компьютера за требуемое время не получен нужный отклик, или было разорвано уже установленное соединение из-за неверного отклика уже подключенного компьютера>
18:43:21.548+07:00 | [ERROR]	| No module named 'openpyxl'
19:11:16.477+07:00 | [ERROR]	| [Errno 22] Invalid argument
19:28:15.583+07:00 | [ERROR]	| [Errno 22] Invalid argument
19:45:22.759+07:00 | [ERROR]	| [Errno 22] Invalid argument
20:10:55.606+07:00 | [ERROR]	| [Errno 22] Invalid argument
20:19:59.982+07:00 | [ERROR]	| [Errno 22] Invalid argument
21:09:30.734+07:00 | [ERROR]	| [Errno 22] Invalid argument
21:09:36.410+07:00 | [ERROR]	| [Errno 22] Invalid argument
21:09:42.772+07:00 | [ERROR]	| [Errno 22] Invalid argument
21:09:48.580+07:00 | [ERROR]	| [Errno 22] Invalid argument
21:10:04.840+07:00 | [ERROR]	| [Errno 22] Invalid argument
21:10:10.249+07:00 | [ERROR]	| [Errno 22] Invalid argument
21:10:15.062+07:00 | [ERROR]	| [Errno 22] Invalid argument
21:10:25.096+07:00 | [ERROR]	| [Errno 22] Invalid argument
21:10:37.265+07:00 | [ERROR]	| Remote end closed connection without response
21:10:43.868+07:00 | [ERROR]	| [Errno 22] Invalid argument
21:10:48.082+07:00 | [ERROR]	| [Errno 22] Invalid argument
21:10:52.069+07:00 | [ERROR]	| [Errno 22] Invalid argument
21:11:05.522+07:00 | [ERROR]	| [Errno 22] Invalid argument
21:11:21.884+07:00 | [ERROR]	| [Errno 22] Invalid argument
21:11:26.988+07:00 | [ERROR]	| [Errno 22] Invalid argument
21:11:35.574+07:00 | [ERROR]	| [Errno 22] Invalid argument
21:11:40.501+07:00 | [ERROR]	| [Errno 22] Invalid argument
21:11:53.874+07:00 | [ERROR]	| [Errno 22] Invalid argument
21:11:59.065+07:00 | [ERROR]	| [Errno 22] Invalid argument
21:12:09.427+07:00 | [ERROR]	| [Errno 22] Invalid argument
21:12:40.848+07:00 | [ERROR]	| [Errno 22] Invalid argument
21:13:07.221+07:00 | [ERROR]	| [Errno 22] Invalid argument
21:13:13.852+07:00 | [ERROR]	| [Errno 22] Invalid argument
21:13:30.725+07:00 | [ERROR]	| [Errno 22] Invalid argument
21:13:46.209+07:00 | [ERROR]	| [Errno 22] Invalid argument
21:13:57.247+07:00 | [ERROR]	| [Errno 22] Invalid argument
21:14:02.434+07:00 | [ERROR]	| [Errno 22] Invalid argument
21:14:14.768+07:00 | [ERROR]	| [Errno 22] Invalid argument
21:14:23.061+07:00 | [ERROR]	| [Errno 22] Invalid argument
21:14:27.220+07:00 | [ERROR]	| [Errno 22] Invalid argument
21:14:45.526+07:00 | [ERROR]	| [Errno 22] Invalid argument
21:14:55.684+07:00 | [ERROR]	| [Errno 22] Invalid argument
21:15:01.846+07:00 | [ERROR]	| [Errno 22] Invalid argument
21:15:07.854+07:00 | [ERROR]	| [Errno 22] Invalid argument
21:15:13.729+07:00 | [ERROR]	| [Errno 22] Invalid argument
21:15:21.621+07:00 | [ERROR]	| [Errno 22] Invalid argument
21:15:25.739+07:00 | [ERROR]	| [Errno 22] Invalid argument
21:15:31.869+07:00 | [ERROR]	| [Errno 22] Invalid argument
21:15:36.459+07:00 | [ERROR]	| [Errno 22] Invalid argument
21:15:54.336+07:00 | [ERROR]	| [Errno 22] Invalid argument
21:15:58.954+07:00 | [ERROR]	| [Errno 22] Invalid argument
21:16:04.889+07:00 | [ERROR]	| [Errno 22] Invalid argument
21:16:10.341+07:00 | [ERROR]	| [Errno 22] Invalid argument
21:16:16.074+07:00 | [ERROR]	| [Errno 22] Invalid argument
21:16:35.710+07:00 | [ERROR]	| [Errno 22] Invalid argument
21:16:45.852+07:00 | [ERROR]	| [Errno 22] Invalid argument
21:16:51.320+07:00 | [ERROR]	| [Errno 22] Invalid argument
21:16:56.306+07:00 | [ERROR]	| [Errno 22] Invalid argument
21:16:59.277+07:00 | [ERROR]	| [Errno 22] Invalid argument
21:17:04.314+07:00 | [ERROR]	| [Errno 22] Invalid argument
21:17:07.494+07:00 | [ERROR]	| [Errno 22] Invalid argument
21:17:15.520+07:00 | [ERROR]	| [Errno 22] Invalid argument
21:17:26.904+07:00 | [ERROR]	| [Errno 22] Invalid argument
21:17:31.530+07:00 | [ERROR]	| [Errno 22] Invalid argument
21:17:39.158+07:00 | [ERROR]	| [Errno 22] Invalid argument
21:17:50.363+07:00 | [ERROR]	| [Errno 22] Invalid argument
21:18:13.280+07:00 | [ERROR]	| [Errno 22] Invalid argument
21:18:23.687+07:00 | [ERROR]	| [Errno 22] Invalid argument
21:18:42.470+07:00 | [ERROR]	| [Errno 22] Invalid argument
21:18:49.120+07:00 | [ERROR]	| [Errno 22] Invalid argument
21:18:54.836+07:00 | [ERROR]	| [Errno 22] Invalid argument
21:18:59.271+07:00 | [ERROR]	| [Errno 22] Invalid argument
21:19:05.519+07:00 | [ERROR]	| [Errno 22] Invalid argument
21:19:15.536+07:00 | [ERROR]	| [Errno 22] Invalid argument
21:19:24.144+07:00 | [ERROR]	| [Errno 22] Invalid argument
21:19:42.619+07:00 | [ERROR]	| [Errno 22] Invalid argument
21:19:52.048+07:00 | [ERROR]	| [Errno 22] Invalid argument
21:20:05.302+07:00 | [ERROR]	| [Errno 22] Invalid argument
21:20:22.313+07:00 | [ERROR]	| [Errno 22] Invalid argument
21:20:30.431+07:00 | [ERROR]	| [Errno 22] Invalid argument
21:20:38.214+07:00 | [ERROR]	| [Errno 22] Invalid argument
21:20:43.237+07:00 | [ERROR]	| [Errno 22] Invalid argument
21:20:52.946+07:00 | [ERROR]	| [Errno 22] Invalid argument
21:20:59.811+07:00 | [ERROR]	| [Errno 22] Invalid argument
21:21:05.653+07:00 | [ERROR]	| [Errno 22] Invalid argument
21:21:13.547+07:00 | [ERROR]	| [Errno 22] Invalid argument
21:21:18.150+07:00 | [ERROR]	| [Errno 22] Invalid argument
21:21:24.272+07:00 | [ERROR]	| [Errno 22] Invalid argument
21:21:29.089+07:00 | [ERROR]	| [Errno 22] Invalid argument
21:21:38.397+07:00 | [ERROR]	| [Errno 22] Invalid argument
21:21:43.678+07:00 | [ERROR]	| [Errno 22] Invalid argument
21:21:54.994+07:00 | [ERROR]	| [Errno 22] Invalid argument
21:22:00.493+07:00 | [ERROR]	| [Errno 22] Invalid argument
21:22:24.717+07:00 | [ERROR]	| [Errno 22] Invalid argument
21:22:32.741+07:00 | [ERROR]	| [Errno 22] Invalid argument
21:33:47.751+07:00 | [ERROR]	| [Errno 22] Invalid argument
21:41:48.461+07:00 | [ERROR]	| 'NoneType' object has no attribute 'group'
21:43:03.544+07:00 | [ERROR]	| No module named 'openpyxl'
21:44:22.456+07:00 | [ERROR]	| [Errno 22] Invalid argument
21:44:36.742+07:00 | [ERROR]	| [Errno 22] Invalid argument
21:44:40.355+07:00 | [ERROR]	| [Errno 22] Invalid argument
21:44:46.378+07:00 | [ERROR]	| [Errno 22] Invalid argument
21:44:52.586+07:00 | [ERROR]	| [Errno 22] Invalid argument
21:45:05.237+07:00 | [ERROR]	| [Errno 22] Invalid argument
21:45:19.987+07:00 | [ERROR]	| [Errno 22] Invalid argument
21:45:32.989+07:00 | [ERROR]	| [Errno 22] Invalid argument
21:45:39.477+07:00 | [ERROR]	| [Errno 22] Invalid argument
21:46:07.062+07:00 | [ERROR]	| [Errno 22] Invalid argument
21:46:33.611+07:00 | [ERROR]	| [Errno 22] Invalid argument
21:46:39.934+07:00 | [ERROR]	| [Errno 22] Invalid argument
21:46:58.459+07:00 | [ERROR]	| [Errno 22] Invalid argument
21:47:14.592+07:00 | [ERROR]	| [Errno 22] Invalid argument
21:47:45.117+07:00 | [ERROR]	| [Errno 22] Invalid argument
21:48:25.612+07:00 | [ERROR]	| [Errno 22] Invalid argument
21:48:38.208+07:00 | [ERROR]	| [Errno 22] Invalid argument
21:48:51.056+07:00 | [ERROR]	| [Errno 22] Invalid argument
21:49:55.630+07:00 | [ERROR]	| [Errno 22] Invalid argument
21:50:01.346+07:00 | [ERROR]	| [Errno 22] Invalid argument
21:50:06.206+07:00 | [ERROR]	| [Errno 22] Invalid argument
21:50:17.944+07:00 | [ERROR]	| [Errno 22] Invalid argument
21:50:43.453+07:00 | [ERROR]	| [Errno 22] Invalid argument
21:50:52.453+07:00 | [ERROR]	| [Errno 22] Invalid argument
21:51:09.223+07:00 | [ERROR]	| [Errno 22] Invalid argument
21:51:24.359+07:00 | [ERROR]	| [Errno 22] Invalid argument
21:51:43.661+07:00 | [ERROR]	| [Errno 22] Invalid argument
21:51:56.216+07:00 | [ERROR]	| [Errno 22] Invalid argument
21:52:03.269+07:00 | [ERROR]	| [Errno 22] Invalid argument
21:52:15.334+07:00 | [ERROR]	| [Errno 22] Invalid argument
21:52:22.872+07:00 | [ERROR]	| [Errno 22] Invalid argument
21:52:39.041+07:00 | [ERROR]	| [Errno 22] Invalid argument
21:52:45.505+07:00 | [ERROR]	| [Errno 22] Invalid argument
21:52:51.919+07:00 | [ERROR]	| [Errno 22] Invalid argument
21:52:58.926+07:00 | [ERROR]	| [Errno 22] Invalid argument
21:53:09.949+07:00 | [ERROR]	| [Errno 22] Invalid argument
21:53:16.263+07:00 | [ERROR]	| [Errno 22] Invalid argument
21:53:23.803+07:00 | [ERROR]	| [Errno 22] Invalid argument
21:53:33.306+07:00 | [ERROR]	| [Errno 22] Invalid argument
21:53:49.327+07:00 | [ERROR]	| [Errno 22] Invalid argument
21:54:02.526+07:00 | [ERROR]	| [Errno 22] Invalid argument
21:54:17.309+07:00 | [ERROR]	| [Errno 22] Invalid argument
21:54:45.975+07:00 | [ERROR]	| [Errno 22] Invalid argument
21:54:50.596+07:00 | [ERROR]	| [Errno 22] Invalid argument
21:54:57.898+07:00 | [ERROR]	| [Errno 22] Invalid argument
21:55:09.518+07:00 | [ERROR]	| [Errno 22] Invalid argument
21:55:35.297+07:00 | [ERROR]	| [Errno 22] Invalid argument
21:55:49.317+07:00 | [ERROR]	| [Errno 22] Invalid argument
21:56:09.800+07:00 | [ERROR]	| [Errno 22] Invalid argument
21:56:13.588+07:00 | [ERROR]	| [Errno 22] Invalid argument
21:56:22.134+07:00 | [ERROR]	| dictionary update sequence element #0 has length 1; 2 is required
21:56:22.609+07:00 | [ERROR]	| [Errno 22] Invalid argument
21:56:29.018+07:00 | [ERROR]	| [Errno 22] Invalid argument
21:56:31.634+07:00 | [ERROR]	| dictionary update sequence element #0 has length 1; 2 is required
21:56:42.121+07:00 | [ERROR]	| [Errno 22] Invalid argument
21:56:53.245+07:00 | [ERROR]	| [Errno 22] Invalid argument
21:56:58.489+07:00 | [ERROR]	| [Errno 22] Invalid argument
21:57:23.546+07:00 | [ERROR]	| [Errno 22] Invalid argument
21:57:32.418+07:00 | [ERROR]	| [Errno 22] Invalid argument
21:57:39.235+07:00 | [ERROR]	| [Errno 22] Invalid argument
21:57:50.908+07:00 | [ERROR]	| [Errno 22] Invalid argument
21:58:06.113+07:00 | [ERROR]	| [Errno 22] Invalid argument
21:58:14.902+07:00 | [ERROR]	| dictionary update sequence element #0 has length 1; 2 is required
21:58:21.565+07:00 | [ERROR]	| dictionary update sequence element #0 has length 1; 2 is required
21:58:33.272+07:00 | [ERROR]	| [Errno 22] Invalid argument
21:58:40.324+07:00 | [ERROR]	| [Errno 22] Invalid argument
21:58:47.358+07:00 | [ERROR]	| [Errno 22] Invalid argument
21:58:53.620+07:00 | [ERROR]	| [Errno 22] Invalid argument
21:59:06.086+07:00 | [ERROR]	| [Errno 22] Invalid argument
21:59:11.264+07:00 | [ERROR]	| [Errno 22] Invalid argument
21:59:35.618+07:00 | [ERROR]	| [Errno 22] Invalid argument
21:59:46.960+07:00 | [ERROR]	| Remote end closed connection without response
21:59:58.438+07:00 | [ERROR]	| [Errno 22] Invalid argument
22:00:17.566+07:00 | [ERROR]	| [Errno 22] Invalid argument
22:00:30.698+07:00 | [ERROR]	| dictionary update sequence element #0 has length 1; 2 is required
22:00:32.013+07:00 | [ERROR]	| [Errno 22] Invalid argument
22:00:43.856+07:00 | [ERROR]	| [Errno 22] Invalid argument
22:00:48.836+07:00 | [ERROR]	| [Errno 22] Invalid argument
22:00:53.001+07:00 | [ERROR]	| [Errno 22] Invalid argument
22:01:01.431+07:00 | [ERROR]	| [Errno 22] Invalid argument
22:01:13.073+07:00 | [ERROR]	| [Errno 22] Invalid argument
22:01:21.504+07:00 | [ERROR]	| [Errno 22] Invalid argument
22:01:32.982+07:00 | [ERROR]	| [Errno 22] Invalid argument
22:01:39.377+07:00 | [ERROR]	| [Errno 22] Invalid argument
22:01:44.391+07:00 | [ERROR]	| [Errno 22] Invalid argument
22:01:48.873+07:00 | [ERROR]	| dictionary update sequence element #0 has length 1; 2 is required
22:01:49.138+07:00 | [ERROR]	| [Errno 22] Invalid argument
22:01:52.724+07:00 | [ERROR]	| [Errno 22] Invalid argument
22:01:53.759+07:00 | [ERROR]	| dictionary update sequence element #0 has length 1; 2 is required
22:02:00.244+07:00 | [ERROR]	| [Errno 22] Invalid argument
22:02:07.928+07:00 | [ERROR]	| [Errno 22] Invalid argument
22:02:17.140+07:00 | [ERROR]	| [Errno 22] Invalid argument
22:02:29.220+07:00 | [ERROR]	| [Errno 22] Invalid argument
22:02:42.400+07:00 | [ERROR]	| dictionary update sequence element #0 has length 1; 2 is required
22:02:43.518+07:00 | [ERROR]	| [Errno 22] Invalid argument
22:02:47.590+07:00 | [ERROR]	| dictionary update sequence element #0 has length 1; 2 is required
22:02:48.701+07:00 | [ERROR]	| [Errno 22] Invalid argument
22:03:18.193+07:00 | [ERROR]	| [Errno 22] Invalid argument
22:03:26.425+07:00 | [ERROR]	| [Errno 22] Invalid argument
22:03:32.004+07:00 | [ERROR]	| [Errno 22] Invalid argument
22:03:41.384+07:00 | [ERROR]	| [Errno 22] Invalid argument
22:03:48.841+07:00 | [ERROR]	| [Errno 22] Invalid argument
22:03:57.440+07:00 | [ERROR]	| [Errno 22] Invalid argument
22:04:04.678+07:00 | [ERROR]	| [Errno 22] Invalid argument
22:04:11.916+07:00 | [ERROR]	| [Errno 22] Invalid argument
22:04:25.323+07:00 | [ERROR]	| [Errno 22] Invalid argument
22:04:46.995+07:00 | [ERROR]	| [Errno 22] Invalid argument
22:05:10.516+07:00 | [ERROR]	| dictionary update sequence element #0 has length 1; 2 is required
22:05:10.908+07:00 | [ERROR]	| [Errno 22] Invalid argument
22:05:17.066+07:00 | [ERROR]	| [Errno 22] Invalid argument
22:05:20.295+07:00 | [ERROR]	| dictionary update sequence element #0 has length 1; 2 is required
22:05:20.764+07:00 | [ERROR]	| [Errno 22] Invalid argument
22:05:43.887+07:00 | [ERROR]	| [Errno 22] Invalid argument
22:06:03.586+07:00 | [ERROR]	| [Errno 22] Invalid argument
22:06:22.449+07:00 | [ERROR]	| [Errno 22] Invalid argument
22:06:33.350+07:00 | [ERROR]	| [Errno 22] Invalid argument
22:06:41.022+07:00 | [ERROR]	| [Errno 22] Invalid argument
22:06:46.444+07:00 | [ERROR]	| [Errno 22] Invalid argument
22:06:51.889+07:00 | [ERROR]	| [Errno 22] Invalid argument
22:07:19.429+07:00 | [ERROR]	| [Errno 22] Invalid argument
22:07:23.664+07:00 | [ERROR]	| [Errno 22] Invalid argument
22:07:29.062+07:00 | [ERROR]	| [WinError 10053] Программа на вашем хост-компьютере разорвала установленное подключение
22:07:55.050+07:00 | [ERROR]	| <urlopen error [WinError 10060] Попытка установить соединение была безуспешной, т.к. от другого компьютера за требуемое время не получен нужный отклик, или было разорвано уже установленное соединение из-за неверного отклика уже подключенного компьютера>
22:08:14.397+07:00 | [ERROR]	| <urlopen error [WinError 10060] Попытка установить соединение была безуспешной, т.к. от другого компьютера за требуемое время не получен нужный отклик, или было разорвано уже установленное соединение из-за неверного отклика уже подключенного компьютера>
22:08:17.384+07:00 | [ERROR]	| 'NoneType' object has no attribute 'group'
22:10:22.917+07:00 | [ERROR]	| <urlopen error [WinError 10060] Попытка установить соединение была безуспешной, т.к. от другого компьютера за требуемое время не получен нужный отклик, или было разорвано уже установленное соединение из-за неверного отклика уже подключенного компьютера>
22:10:24.201+07:00 | [ERROR]	| 'NoneType' object has no attribute 'group'
22:11:03.667+07:00 | [ERROR]	| <urlopen error [WinError 10060] Попытка установить соединение была безуспешной, т.к. от другого компьютера за требуемое время не получен нужный отклик, или было разорвано уже установленное соединение из-за неверного отклика уже подключенного компьютера>
22:11:05.372+07:00 | [ERROR]	| 'NoneType' object has no attribute 'group'
22:12:53.954+07:00 | [ERROR]	| [Errno 22] Invalid argument
